Arguments: 
  /home/novelbio/software/node-v6.9.1-linux-x64/bin/node /home/novelbio/software/node/bin/yarn install

PATH: 
  /home/novelbio/software/wkhtmltox/bin:/home/novelbio/software/sbt/bin:/home/novelbio/software/groovy/bin:/home/novelbio/software/scala/bin:/home/novelbio/software/gradle/bin:/home/novelbio/software/maven/bin:/home/novelbio/software/node/bin:/home/novelbio/software/jdk/bin:/home/novelbio/software/wkhtmltox/bin:/home/novelbio/software/sbt/bin:/home/novelbio/software/groovy/bin:/home/novelbio/software/scala/bin:/home/novelbio/software/gradle/bin:/home/novelbio/software/maven/bin:/home/novelbio/software/node/bin:/home/novelbio/software/jdk/bin:/home/novelbio/software/wkhtmltox/bin:/home/novelbio/software/sbt/bin:/home/novelbio/software/groovy/bin:/home/novelbio/software/scala/bin:/home/novelbio/software/gradle/bin:/home/novelbio/software/maven/bin:/home/novelbio/software/node/bin:/home/novelbio/software/jdk/bin:/usr/lib64/qt-3.3/bin:/usr/lib64/ccache:/home/novelbio/.rvm/gems/ruby-2.3.0/bin:/home/novelbio/.rvm/gems/ruby-2.3.0@global/bin:/home/novelbio/.rvm/rubies/ruby-2.3.0/bin:/usr/local/bin:/usr/bin:/bin:/home/novelbio/.rvm/bin:/usr/local/sbin:/usr/sbin:/home/novelbio/.rvm/bin:/home/novelbio/.rvm/bin:/home/novelbio/.rvm/bin

Yarn version: 
  0.24.5

Node version: 
  6.9.1

Platform: 
  linux x64

npm manifest: 
  {
    "name": "webpack-demo",
    "version": "1.0.0",
    "description": "",
    "main": "index.js",
    "scripts": {
      "test": "echo \"Error: no test specified\" && exit 1",
      "start": "webpack-dev-server --progress --colors --host 192.168.1.168 --port 8880 --inline --content-base src/",
      "dev": "webpack-dev-server --devtool eval-source-map --progress --colors --hot --port 8880 --inline --content-base ./dist",
      "build": "webpack --progress --colors"
    },
    "author": "",
    "license": "ISC",
    "devDependencies": {
      "awesome-typescript-loader": "^3.1.3",
      "babel-core": "^6.25.0",
      "html-webpack-plugin": "^2.28.0",
      "ts-loader": "^2.0.1",
      "webpack": "^2.2.1",
      "webpack-dev-server": "^2.4.1"
    },
    "dependencies": {
      "@types/react": "^15.0.31",
      "@types/react-dom": "^15.5.1",
      "prop-types": "^15.5.10",
      "react": "^15.6.1",
      "react-dom": "^15.6.1"
    }
  }

yarn manifest: 
  No manifest

Lockfile: 
  No lockfile

Trace: 
  Error: ENOENT: no such file or directory, stat '/home/novelbio/node-workspace/webpakc-demo/node_modules/jsesc'
      at Error (native)
